[15:34:57.111] Running build in Washington, D.C., USA (East) â€“ iad1
[15:34:57.111] Build machine configuration: 2 cores, 8 GB
[15:34:57.127] Cloning github.com/Ayemen27/Mr-199-app-321 (Branch: main, Commit: 6ec50e8)
[15:34:57.279] Previous build caches not available
[15:35:01.759] Cloning completed: 4.632s
[15:35:01.811] Found .vercelignore
[15:35:01.818] Removed 1 ignored files defined in .vercelignore
[15:35:01.818]   /.replit
[15:35:02.357] Running "vercel build"
[15:35:02.749] Vercel CLI 46.1.1
[15:35:03.660] Detected `pnpm-lock.yaml` 9 which may be generated by pnpm@9.x or pnpm@10.x
[15:35:03.660] Using pnpm@10.x based on project creation date
[15:35:03.660] To use pnpm@9.x, manually opt in using corepack (https://vercel.com/docs/deployments/configure-a-build#corepack)
[15:35:03.707] Installing dependencies...
[15:35:04.848] Lockfile is up to date, resolution step is skipped
[15:35:05.011] Progress: resolved 1, reused 0, downloaded 0, added 0
[15:35:05.155] Packages: +1249
[15:35:05.156] ++++++++++++++++++++++++++++++++++++++++++++++++++++++++++++++++++++++++++++++++
[15:35:06.013] Progress: resolved 1249, reused 0, downloaded 47, added 12
[15:35:07.014] Progress: resolved 1249, reused 0, downloaded 139, added 46
[15:35:08.014] Progress: resolved 1249, reused 0, downloaded 140, added 48
[15:35:09.015] Progress: resolved 1249, reused 0, downloaded 304, added 126
[15:35:10.017] Progress: resolved 1249, reused 0, downloaded 379, added 173
[15:35:11.018] Progress: resolved 1249, reused 0, downloaded 472, added 205
[15:35:12.022] Progress: resolved 1249, reused 0, downloaded 596, added 260
[15:35:13.024] Progress: resolved 1249, reused 0, downloaded 695, added 313
[15:35:14.026] Progress: resolved 1249, reused 0, downloaded 784, added 345
[15:35:15.029] Progress: resolved 1249, reused 0, downloaded 803, added 349
[15:35:16.037] Progress: resolved 1249, reused 0, downloaded 911, added 387
[15:35:17.039] Progress: resolved 1249, reused 0, downloaded 940, added 395
[15:35:18.040] Progress: resolved 1249, reused 0, downloaded 1009, added 419
[15:35:19.047] Progress: resolved 1249, reused 0, downloaded 1021, added 423
[15:35:20.052] Progress: resolved 1249, reused 0, downloaded 1100, added 447
[15:35:21.050] Progress: resolved 1249, reused 0, downloaded 1185, added 478
[15:35:22.054] Progress: resolved 1249, reused 0, downloaded 1248, added 622
[15:35:23.052] Progress: resolved 1249, reused 0, downloaded 1248, added 735
[15:35:24.052] Progress: resolved 1249, reused 0, downloaded 1248, added 800
[15:35:25.053] Progress: resolved 1249, reused 0, downloaded 1248, added 930
[15:35:26.053] Progress: resolved 1249, reused 0, downloaded 1248, added 941
[15:35:27.053] Progress: resolved 1249, reused 0, downloaded 1248, added 1026
[15:35:27.694] Progress: resolved 1249, reused 0, downloaded 1248, added 1249, done
[15:35:28.601] 
[15:35:28.602] dependencies:
[15:35:28.603] + @anthropic-ai/sdk 0.37.0
[15:35:28.603] + @babel/core 7.28.3
[15:35:28.603] + @expo/metro-runtime 5.0.4
[15:35:28.603] + @expo/vector-icons 15.0.0
[15:35:28.603] + @hookform/resolvers 3.10.0
[15:35:28.604] + @neondatabase/serverless 0.10.4
[15:35:28.604] + @radix-ui/react-accordion 1.2.12
[15:35:28.604] + @radix-ui/react-alert-dialog 1.1.15
[15:35:28.604] + @radix-ui/react-aspect-ratio 1.1.7
[15:35:28.604] + @radix-ui/react-avatar 1.1.10
[15:35:28.605] + @radix-ui/react-checkbox 1.3.3
[15:35:28.605] + @radix-ui/react-collapsible 1.1.12
[15:35:28.605] + @radix-ui/react-context-menu 2.2.16
[15:35:28.605] + @radix-ui/react-dialog 1.1.15
[15:35:28.605] + @radix-ui/react-dropdown-menu 2.1.16
[15:35:28.606] + @radix-ui/react-hover-card 1.1.15
[15:35:28.606] + @radix-ui/react-label 2.1.7
[15:35:28.606] + @radix-ui/react-menubar 1.1.16
[15:35:28.606] + @radix-ui/react-navigation-menu 1.2.14
[15:35:28.606] + @radix-ui/react-popover 1.1.15
[15:35:28.607] + @radix-ui/react-progress 1.1.7
[15:35:28.607] + @radix-ui/react-radio-group 1.3.8
[15:35:28.607] + @radix-ui/react-scroll-area 1.2.10
[15:35:28.607] + @radix-ui/react-select 2.2.6
[15:35:28.607] + @radix-ui/react-separator 1.1.7
[15:35:28.608] + @radix-ui/react-slider 1.3.6
[15:35:28.608] + @radix-ui/react-slot 1.2.3
[15:35:28.608] + @radix-ui/react-switch 1.2.6
[15:35:28.608] + @radix-ui/react-tabs 1.1.13
[15:35:28.609] + @radix-ui/react-toast 1.2.15
[15:35:28.609] + @radix-ui/react-toggle 1.1.10
[15:35:28.609] + @radix-ui/react-toggle-group 1.1.11
[15:35:28.609] + @radix-ui/react-tooltip 1.2.8
[15:35:28.610] + @react-native-async-storage/async-storage 2.2.0
[15:35:28.610] + @react-navigation/bottom-tabs 7.4.6
[15:35:28.610] + @react-navigation/native 7.1.17
[15:35:28.610] + @react-navigation/stack 7.4.7
[15:35:28.610] + @supabase/supabase-js 2.56.0
[15:35:28.611] + @tanstack/react-query 5.85.5
[15:35:28.611] + @types/bcrypt 6.0.0
[15:35:28.611] + @types/file-saver 2.0.7
[15:35:28.611] + @types/jsonwebtoken 9.0.10
[15:35:28.611] + @types/memoizee 0.4.12
[15:35:28.612] + @types/mustache 4.2.6
[15:35:28.612] + @types/speakeasy 2.0.10
[15:35:28.612] + @vercel/node 5.3.17
[15:35:28.612] + bcrypt 6.0.0
[15:35:28.612] + class-variance-authority 0.7.1
[15:35:28.613] + clsx 2.1.1
[15:35:28.613] + cmdk 1.1.1
[15:35:28.619] + date-fns 3.6.0
[15:35:28.619] + drizzle-orm 0.39.3
[15:35:28.619] + drizzle-zod 0.7.1
[15:35:28.619] + embla-carousel-react 8.6.0
[15:35:28.620] + exceljs 4.4.0
[15:35:28.620] + expo 53.0.20
[15:35:28.620] + expo-build-properties 0.14.8
[15:35:28.620] + expo-constants 17.1.7
[15:35:28.621] + expo-dev-client 5.2.4
[15:35:28.621] + expo-status-bar 2.2.3
[15:35:28.621] + expo-updates 0.28.17
[15:35:28.621] + express 4.21.2
[15:35:28.622] + file-saver 2.0.5
[15:35:28.622] + framer-motion 11.18.2
[15:35:28.622] + fs-extra 11.3.1
[15:35:28.622] + html2canvas 1.4.1
[15:35:28.622] + input-otp 1.4.2
[15:35:28.623] + jsonwebtoken 9.0.2
[15:35:28.623] + jspdf 3.0.1
[15:35:28.623] + lucide-react 0.453.0
[15:35:28.623] + memoizee 0.4.17
[15:35:28.623] + mustache 4.2.0
[15:35:28.623] + nanoid 5.1.5
[15:35:28.624] + openid-client 6.6.4
[15:35:28.624] + passport 0.7.0
[15:35:28.624] + passport-local 1.0.0
[15:35:28.624] + pg 8.16.3
[15:35:28.625] + puppeteer 24.17.0
[15:35:28.625] + react 19.1.1
[15:35:28.625] + react-day-picker 8.10.1
[15:35:28.625] + react-dom 19.1.1
[15:35:28.625] + react-hook-form 7.62.0
[15:35:28.625] + react-icons 5.5.0
[15:35:28.626] + react-native 0.81.0
[15:35:28.626] + react-native-gesture-handler 2.28.0
[15:35:28.626] + react-native-reanimated 4.0.2
[15:35:28.626] + react-native-safe-area-context 5.6.1
[15:35:28.626] + react-native-screens 4.15.2
[15:35:28.627] + react-native-svg 15.12.1
[15:35:28.627] + react-native-web 0.20.0
[15:35:28.627] + react-resizable-panels 2.1.9
[15:35:28.627] + recharts 2.15.4
[15:35:28.627] + speakeasy 2.0.0
[15:35:28.627] + tailwind-merge 2.6.0
[15:35:28.628] + tailwindcss-animate 1.0.7
[15:35:28.628] + ts-morph 26.0.0
[15:35:28.628] + vaul 1.1.2
[15:35:28.628] + wouter 3.7.1
[15:35:28.628] + ws 8.18.3
[15:35:28.629] + xlsx 0.18.5
[15:35:28.629] + zod 3.25.76
[15:35:28.629] + zod-validation-error 3.5.3
[15:35:28.630] 
[15:35:28.630] optionalDependencies:
[15:35:28.630] + bufferutil 4.0.9
[15:35:28.632] 
[15:35:28.632] devDependencies:
[15:35:28.632] + @replit/vite-plugin-cartographer 0.2.8
[15:35:28.632] + @replit/vite-plugin-runtime-error-modal 0.0.3
[15:35:28.632] + @tailwindcss/typography 0.5.16
[15:35:28.632] + @tailwindcss/vite 4.1.12
[15:35:28.632] + @types/connect-pg-simple 7.0.3
[15:35:28.632] + @types/express 4.17.21
[15:35:28.632] + @types/node 20.16.11
[15:35:28.632] + @types/passport 1.0.17
[15:35:28.632] + @types/passport-local 1.0.38
[15:35:28.632] + @types/react 19.1.11
[15:35:28.632] + @types/react-dom 19.1.7
[15:35:28.632] + @types/ws 8.18.1
[15:35:28.632] + @vitejs/plugin-react 4.7.0
[15:35:28.632] + autoprefixer 10.4.21
[15:35:28.632] + drizzle-kit 0.30.6
[15:35:28.633] + esbuild 0.25.9
[15:35:28.633] + postcss 8.5.6
[15:35:28.633] + tailwindcss 3.4.17
[15:35:28.633] + tsx 4.20.5
[15:35:28.633] + typescript 5.6.3
[15:35:28.633] + vite 5.4.19
[15:35:28.634] 
[15:35:28.634] â•­ Warning â”€â”€â”€â”€â”€â”€â”€â”€â”€â”€â”€â”€â”€â”€â”€â”€â”€â”€â”€â”€â”€â”€â”€â”€â”€â”€â”€â”€â”€â”€â”€â”€â”€â”€â”€â”€â”€â”€â”€â”€â”€â”€â”€â”€â”€â”€â”€â”€â”€â”€â”€â”€â”€â”€â”€â”€â”€â”€â”€â”€â”€â”€â”€â”€â”€â”€â”€â”€â”€â•®
[15:35:28.634] â”‚                                                                              â”‚
[15:35:28.634] â”‚   Ignored build scripts: @tailwindcss/oxide, bcrypt, bufferutil, core-js,    â”‚
[15:35:28.635] â”‚   es5-ext, esbuild, puppeteer.                                               â”‚
[15:35:28.635] â”‚   Run "pnpm approve-builds" to pick which dependencies should be allowed     â”‚
[15:35:28.635] â”‚   to run scripts.                                                            â”‚
[15:35:28.635] â”‚                                                                              â”‚
[15:35:28.635] â•°â”€â”€â”€â”€â”€â”€â”€â”€â”€â”€â”€â”€â”€â”€â”€â”€â”€â”€â”€â”€â”€â”€â”€â”€â”€â”€â”€â”€â”€â”€â”€â”€â”€â”€â”€â”€â”€â”€â”€â”€â”€â”€â”€â”€â”€â”€â”€â”€â”€â”€â”€â”€â”€â”€â”€â”€â”€â”€â”€â”€â”€â”€â”€â”€â”€â”€â”€â”€â”€â”€â”€â”€â”€â”€â”€â”€â”€â”€â•¯
[15:35:28.635] 
[15:35:28.700] Done in 24.8s using pnpm v10.14.0
[15:35:28.895] 
[15:35:28.895] > rest-express@1.0.0 build
[15:35:28.896] > vite build && esbuild server/index.ts --platform=node --packages=external --bundle --format=esm --outdir=dist
[15:35:28.897] 
[15:35:29.179] [36mvite v5.4.19 [32mbuilding for production...[36m[39m
[15:35:29.250] transforming...
[15:35:41.309] [32mâœ“[39m 3096 modules transformed.
[15:35:42.317] rendering chunks...
[15:35:42.502] computing gzip size...
[15:35:42.545] [2m../dist/public/[22m[32mindex.html                      [39m[1m[2m    6.85 kB[22m[1m[22m[2m â”‚ gzip:   2.27 kB[22m
[15:35:42.546] [2m../dist/public/[22m[2massets/[22m[35mindex-Baqqj_BT.css       [39m[1m[2m  140.16 kB[22m[1m[22m[2m â”‚ gzip:  23.28 kB[22m
[15:35:42.546] [2m../dist/public/[22m[2massets/[22m[36mexceljs.min-B-REDTML.js  [39m[1m[33m  938.56 kB[39m[22m[2m â”‚ gzip: 271.04 kB[22m
[15:35:42.546] [2m../dist/public/[22m[2massets/[22m[36mindex-DOMuagcS.js        [39m[1m[33m1,229.44 kB[39m[22m[2m â”‚ gzip: 333.60 kB[22m
[15:35:42.547] [33m
[15:35:42.547] (!) Some chunks are larger than 500 kB after minification. Consider:
[15:35:42.547] - Using dynamic import() to code-split the application
[15:35:42.547] - Use build.rollupOptions.output.manualChunks to improve chunking: https://rollupjs.org/configuration-options/#output-manualchunks
[15:35:42.547] - Adjust chunk size limit for this warning via build.chunkSizeWarningLimit.[39m
[15:35:42.548] [32mâœ“ built in 13.34s[39m
[15:35:42.702] 
[15:35:42.703]   dist/index.js  770.3kb
[15:35:42.703] 
[15:35:42.703] âš¡ Done in 46ms
[15:35:42.842] Detected `pnpm-lock.yaml` 9 which may be generated by pnpm@9.x or pnpm@10.x
[15:35:42.842] Using pnpm@10.x based on project creation date
[15:35:42.843] To use pnpm@9.x, manually opt in using corepack (https://vercel.com/docs/deployments/configure-a-build#corepack)
[15:35:42.870] Installing dependencies...
[15:35:43.396] Progress: resolved 1, reused 0, downloaded 0, added 0
[15:35:44.398] Progress: resolved 128, reused 97, downloaded 2, added 0
[15:35:45.399] Progress: resolved 318, reused 276, downloaded 11, added 0
[15:35:45.674] â€‰WARNâ€‰ 5 deprecated subdependencies found: fstream@1.0.12, glob@7.2.3, inflight@1.0.6, lodash.isequal@4.5.0, rimraf@2.7.1
[15:35:45.683] Packages: +354
[15:35:45.683] ++++++++++++++++++++++++++++++++++++++++++++++++++++++++++++++++++++++++++++++++
[15:35:46.400] Progress: resolved 373, reused 343, downloaded 11, added 352
[15:35:46.553] Progress: resolved 373, reused 343, downloaded 11, added 354, done
[15:35:47.020] 
[15:35:47.020] dependencies:
[15:35:47.021] + @supabase/supabase-js 2.56.1
[15:35:47.021] + @types/express 4.17.21 (5.0.3 is available)
[15:35:47.021] + @vercel/node 5.3.17
[15:35:47.021] + bcrypt 6.0.0
[15:35:47.021] + drizzle-orm 0.39.3 (0.44.5 is available)
[15:35:47.021] + drizzle-zod 0.7.1 (0.8.3 is available)
[15:35:47.021] + exceljs 4.4.0
[15:35:47.021] + express 4.21.2 (5.1.0 is available)
[15:35:47.022] + jsonwebtoken 9.0.2
[15:35:47.022] + jspdf 3.0.2
[15:35:47.022] + nanoid 5.1.5
[15:35:47.022] + ws 8.18.3
[15:35:47.022] + zod 3.25.76 (4.1.5 is available)
[15:35:47.023] 
[15:35:47.024] â•­ Warning â”€â”€â”€â”€â”€â”€â”€â”€â”€â”€â”€â”€â”€â”€â”€â”€â”€â”€â”€â”€â”€â”€â”€â”€â”€â”€â”€â”€â”€â”€â”€â”€â”€â”€â”€â”€â”€â”€â”€â”€â”€â”€â”€â”€â”€â”€â”€â”€â”€â”€â”€â”€â”€â”€â”€â”€â”€â”€â”€â”€â”€â”€â”€â”€â”€â”€â”€â”€â”€â•®
[15:35:47.024] â”‚                                                                              â”‚
[15:35:47.024] â”‚   Ignored build scripts: bcrypt, core-js, esbuild.                           â”‚
[15:35:47.024] â”‚   Run "pnpm approve-builds" to pick which dependencies should be allowed     â”‚
[15:35:47.024] â”‚   to run scripts.                                                            â”‚
[15:35:47.024] â”‚                                                                              â”‚
[15:35:47.024] â•°â”€â”€â”€â”€â”€â”€â”€â”€â”€â”€â”€â”€â”€â”€â”€â”€â”€â”€â”€â”€â”€â”€â”€â”€â”€â”€â”€â”€â”€â”€â”€â”€â”€â”€â”€â”€â”€â”€â”€â”€â”€â”€â”€â”€â”€â”€â”€â”€â”€â”€â”€â”€â”€â”€â”€â”€â”€â”€â”€â”€â”€â”€â”€â”€â”€â”€â”€â”€â”€â”€â”€â”€â”€â”€â”€â”€â”€â”€â•¯
[15:35:47.024] 
[15:35:47.028] Done in 4s using pnpm v10.14.0
[15:35:47.545] Using TypeScript 5.6.3 (local user-provided)
[15:37:43.518] api/index.ts(6124,39): error TS1117: An object literal cannot have multiple properties with the same name.
[15:37:43.519] api/index.ts(6226,50): error TS2304: Cannot find name 'requireAuth'.
[15:37:43.519] api/index.ts(6248,39): error TS2304: Cannot find name 'requireAuth'.
[15:37:43.520] api/index.ts(6276,37): error TS2304: Cannot find name 'requireAuth'.
[15:37:43.520] api/index.ts(6305,40): error TS2304: Cannot find name 'requireAuth'.
[15:37:43.520] api/index.ts(6334,45): error TS2304: Cannot find name 'requireAuth'.
[15:37:43.520] api/index.ts(6367,58): error TS2304: Cannot find name 'requireAuth'.
[15:37:43.520] api/index.ts(6394,46): error TS2304: Cannot find name 'requireAuth'.
[15:37:43.521] 
[15:37:49.463] Build Completed in /vercel/output [3m]
[15:37:49.765] Deploying outputs...
[15:37:56.622] Deployment completed
[15:37:57.474] Creating build cache...
[15:39:50.096] Created build cache: 1:52.614 (m:ss.mmm)
[15:39:50.096] Uploading build cache [205.93 MB]
[15:39:52.890] Build cache uploaded: 2.801s