[21:12:33.096] Running build in Washington, D.C., USA (East) – iad1
[21:12:33.097] Build machine configuration: 2 cores, 8 GB
[21:12:33.112] Cloning github.com/Ayemen27/Binarjoinanalytic-2 (Branch: main, Commit: 0dd4039)
[21:12:33.246] Previous build caches not available
[21:12:38.794] Cloning completed: 5.682s
[21:12:38.972] Found .vercelignore
[21:12:39.096] Removed 928 ignored files defined in .vercelignore
[21:12:39.096]   /.replit
[21:12:39.097]   /attached_assets/٢٠٢٥٠٤٣٠_٢١٣٨٠٤_1754051772352.jpg
[21:12:39.097]   /attached_assets/٢٠٢٥٠٤٣٠_٢١٣٩٣٩_1754051772374.jpg
[21:12:39.097]   /attached_assets/٢٠٢٥٠٤٣٠_٢١٤١١٤_1754051772404.jpg
[21:12:39.098]   /attached_assets/٢٠٢٥٠٤٣٠_٢١٤٢٢٩_1754051772391.jpg
[21:12:39.098]   /attached_assets/٢٠٢٥٠٤٣٠_٢١٤٣٢٧_1754051772412.jpg
[21:12:39.098]   /attached_assets/٢٠٢٥٠٤٣٠_٢١٥١٠٠_1754051772420.jpg
[21:12:39.098]   /attached_assets/content-1756472284900.md
[21:12:39.098]   /attached_assets/edit-tool-dialogصحيح_1755703637911.tsx
[21:12:39.098]   /attached_assets/edit-tool-dialogفيه اخطا_1755703624701.tsx
[21:12:39.840] Running "vercel build"
[21:12:40.247] Vercel CLI 46.1.0
[21:12:40.428] WARN! Due to `builds` existing in your configuration file, the Build and Development Settings defined in your Project Settings will not apply. Learn More: https://vercel.link/unused-build-settings
[21:12:41.030] Detected `pnpm-lock.yaml` 9 which may be generated by pnpm@9.x or pnpm@10.x
[21:12:41.031] Using pnpm@9.x based on project creation date
[21:12:41.031] To use pnpm@10.x, manually opt in using corepack (https://vercel.com/docs/deployments/configure-a-build#corepack)
[21:12:41.050] Installing dependencies...
[21:12:42.982] Lockfile is up to date, resolution step is skipped
[21:12:43.112] Progress: resolved 1, reused 0, downloaded 0, added 0
[21:12:43.278] Packages: +1186
[21:12:43.278] ++++++++++++++++++++++++++++++++++++++++++++++++++++++++++++++++++++++++++++++++
[21:12:44.113] Progress: resolved 1186, reused 0, downloaded 31, added 15
[21:12:45.114] Progress: resolved 1186, reused 0, downloaded 81, added 66
[21:12:46.118] Progress: resolved 1186, reused 0, downloaded 92, added 77
[21:12:47.119] Progress: resolved 1186, reused 0, downloaded 129, added 115
[21:12:48.119] Progress: resolved 1186, reused 0, downloaded 278, added 269
[21:12:49.120] Progress: resolved 1186, reused 0, downloaded 386, added 375
[21:12:50.121] Progress: resolved 1186, reused 0, downloaded 470, added 459
[21:12:51.122] Progress: resolved 1186, reused 0, downloaded 564, added 548
[21:12:52.124] Progress: resolved 1186, reused 0, downloaded 643, added 634
[21:12:53.124] Progress: resolved 1186, reused 0, downloaded 694, added 678
[21:12:54.132] Progress: resolved 1186, reused 0, downloaded 709, added 694
[21:12:55.133] Progress: resolved 1186, reused 0, downloaded 724, added 710
[21:12:56.133] Progress: resolved 1186, reused 0, downloaded 793, added 780
[21:12:57.134] Progress: resolved 1186, reused 0, downloaded 849, added 836
[21:12:58.135] Progress: resolved 1186, reused 0, downloaded 865, added 851
[21:12:59.136] Progress: resolved 1186, reused 0, downloaded 878, added 862
[21:13:00.137] Progress: resolved 1186, reused 0, downloaded 934, added 919
[21:13:01.137] Progress: resolved 1186, reused 0, downloaded 939, added 924
[21:13:02.138] Progress: resolved 1186, reused 0, downloaded 952, added 937
[21:13:03.139] Progress: resolved 1186, reused 0, downloaded 981, added 965
[21:13:04.144] Progress: resolved 1186, reused 0, downloaded 1046, added 1031
[21:13:05.142] Progress: resolved 1186, reused 0, downloaded 1104, added 1092
[21:13:06.143] Progress: resolved 1186, reused 0, downloaded 1186, added 1177
[21:13:06.181] Progress: resolved 1186, reused 0, downloaded 1186, added 1186, done
[21:13:06.627] .../node_modules/@tailwindcss/oxide postinstall$ node ./scripts/install.js
[21:13:06.640] .../esbuild@0.21.5/node_modules/esbuild postinstall$ node install.js
[21:13:06.643] .../esbuild@0.18.20/node_modules/esbuild postinstall$ node install.js
[21:13:06.643] .../esbuild@0.19.12/node_modules/esbuild postinstall$ node install.js
[21:13:06.643] .../esbuild@0.25.9/node_modules/esbuild postinstall$ node install.js
[21:13:06.881] .../esbuild@0.21.5/node_modules/esbuild postinstall: Done
[21:13:06.899] .../esbuild@0.19.12/node_modules/esbuild postinstall: Done
[21:13:06.929] .../node_modules/@tailwindcss/oxide postinstall: Done
[21:13:06.948] .../esbuild@0.18.20/node_modules/esbuild postinstall: Done
[21:13:06.958] .../node_modules/bufferutil install$ node-gyp-build
[21:13:06.970] .../esbuild@0.25.9/node_modules/esbuild postinstall: Done
[21:13:07.004] .../bcrypt@6.0.0/node_modules/bcrypt install$ node-gyp-build
[21:13:07.026] .../core-js@3.45.1/node_modules/core-js postinstall$ node -e "try{require('./postinstall')}catch(e){}"
[21:13:07.082] .../es5-ext@0.10.64/node_modules/es5-ext postinstall$  node -e "try{require('./_postinstall')}catch(e){}" || exit 0
[21:13:07.102] .../core-js@3.45.1/node_modules/core-js postinstall: Done
[21:13:07.172] .../node_modules/puppeteer postinstall$ node install.mjs
[21:13:07.208] .../node_modules/bufferutil install: Done
[21:13:07.280] .../es5-ext@0.10.64/node_modules/es5-ext postinstall: Done
[21:13:07.316] .../bcrypt@6.0.0/node_modules/bcrypt install: Done
[21:13:07.642] .../node_modules/puppeteer postinstall: **INFO** Skipping Firefox download as instructed.
[21:13:12.781] .../node_modules/puppeteer postinstall: chrome-headless-shell (139.0.7258.138) downloaded to /vercel/.cache/puppeteer/chrome-headless-shell/linux-139.0.7258.138
[21:13:13.753] .../node_modules/puppeteer postinstall: chrome (139.0.7258.138) downloaded to /vercel/.cache/puppeteer/chrome/linux-139.0.7258.138
[21:13:13.759] .../node_modules/puppeteer postinstall: Done
[21:13:14.190] 
[21:13:14.190] dependencies:
[21:13:14.190] + @anthropic-ai/sdk 0.37.0
[21:13:14.191] + @babel/core 7.28.3
[21:13:14.191] + @expo/metro-runtime 5.0.4
[21:13:14.191] + @expo/vector-icons 15.0.0
[21:13:14.191] + @hookform/resolvers 3.10.0
[21:13:14.191] + @neondatabase/serverless 0.10.4
[21:13:14.191] + @radix-ui/react-accordion 1.2.12
[21:13:14.191] + @radix-ui/react-alert-dialog 1.1.15
[21:13:14.191] + @radix-ui/react-aspect-ratio 1.1.7
[21:13:14.191] + @radix-ui/react-avatar 1.1.10
[21:13:14.192] + @radix-ui/react-checkbox 1.3.3
[21:13:14.192] + @radix-ui/react-collapsible 1.1.12
[21:13:14.192] + @radix-ui/react-context-menu 2.2.16
[21:13:14.192] + @radix-ui/react-dialog 1.1.15
[21:13:14.192] + @radix-ui/react-dropdown-menu 2.1.16
[21:13:14.193] + @radix-ui/react-hover-card 1.1.15
[21:13:14.193] + @radix-ui/react-label 2.1.7
[21:13:14.193] + @radix-ui/react-menubar 1.1.16
[21:13:14.193] + @radix-ui/react-navigation-menu 1.2.14
[21:13:14.193] + @radix-ui/react-popover 1.1.15
[21:13:14.193] + @radix-ui/react-progress 1.1.7
[21:13:14.193] + @radix-ui/react-radio-group 1.3.8
[21:13:14.193] + @radix-ui/react-scroll-area 1.2.10
[21:13:14.193] + @radix-ui/react-select 2.2.6
[21:13:14.193] + @radix-ui/react-separator 1.1.7
[21:13:14.193] + @radix-ui/react-slider 1.3.6
[21:13:14.193] + @radix-ui/react-slot 1.2.3
[21:13:14.194] + @radix-ui/react-switch 1.2.6
[21:13:14.194] + @radix-ui/react-tabs 1.1.13
[21:13:14.194] + @radix-ui/react-toast 1.2.15
[21:13:14.194] + @radix-ui/react-toggle 1.1.10
[21:13:14.194] + @radix-ui/react-toggle-group 1.1.11
[21:13:14.194] + @radix-ui/react-tooltip 1.2.8
[21:13:14.194] + @react-native-async-storage/async-storage 2.2.0
[21:13:14.194] + @react-navigation/bottom-tabs 7.4.6
[21:13:14.194] + @react-navigation/native 7.1.17
[21:13:14.195] + @react-navigation/stack 7.4.7
[21:13:14.195] + @supabase/supabase-js 2.56.0
[21:13:14.195] + @tanstack/react-query 5.85.5
[21:13:14.195] + @types/bcrypt 6.0.0
[21:13:14.195] + @types/file-saver 2.0.7
[21:13:14.195] + @types/jsonwebtoken 9.0.10
[21:13:14.195] + @types/memoizee 0.4.12
[21:13:14.195] + @types/mustache 4.2.6
[21:13:14.195] + @types/speakeasy 2.0.10
[21:13:14.195] + bcrypt 6.0.0
[21:13:14.196] + class-variance-authority 0.7.1
[21:13:14.196] + clsx 2.1.1
[21:13:14.196] + cmdk 1.1.1
[21:13:14.196] + date-fns 3.6.0
[21:13:14.196] + drizzle-orm 0.39.3
[21:13:14.196] + drizzle-zod 0.7.1
[21:13:14.196] + embla-carousel-react 8.6.0
[21:13:14.196] + exceljs 4.4.0
[21:13:14.196] + expo 53.0.20
[21:13:14.196] + expo-build-properties 0.14.8
[21:13:14.196] + expo-constants 17.1.7
[21:13:14.197] + expo-dev-client 5.2.4
[21:13:14.197] + expo-status-bar 2.2.3
[21:13:14.197] + expo-updates 0.28.17
[21:13:14.197] + express 4.21.2
[21:13:14.197] + file-saver 2.0.5
[21:13:14.197] + framer-motion 11.18.2
[21:13:14.197] + fs-extra 11.3.1
[21:13:14.197] + html2canvas 1.4.1
[21:13:14.197] + input-otp 1.4.2
[21:13:14.197] + jsonwebtoken 9.0.2
[21:13:14.198] + jspdf 3.0.1
[21:13:14.198] + lucide-react 0.453.0
[21:13:14.198] + memoizee 0.4.17
[21:13:14.198] + mustache 4.2.0
[21:13:14.198] + nanoid 5.1.5
[21:13:14.198] + openid-client 6.6.4
[21:13:14.198] + passport 0.7.0
[21:13:14.198] + passport-local 1.0.0
[21:13:14.198] + pg 8.16.3
[21:13:14.198] + puppeteer 24.17.0
[21:13:14.198] + react 19.1.1
[21:13:14.199] + react-day-picker 8.10.1
[21:13:14.199] + react-dom 19.1.1
[21:13:14.199] + react-hook-form 7.62.0
[21:13:14.199] + react-icons 5.5.0
[21:13:14.199] + react-native 0.81.0
[21:13:14.199] + react-native-gesture-handler 2.28.0
[21:13:14.199] + react-native-reanimated 4.0.2
[21:13:14.199] + react-native-safe-area-context 5.6.1
[21:13:14.199] + react-native-screens 4.15.2
[21:13:14.199] + react-native-svg 15.12.1
[21:13:14.200] + react-native-web 0.20.0
[21:13:14.200] + react-resizable-panels 2.1.9
[21:13:14.200] + recharts 2.15.4
[21:13:14.200] + speakeasy 2.0.0
[21:13:14.200] + tailwind-merge 2.6.0
[21:13:14.200] + tailwindcss-animate 1.0.7
[21:13:14.200] + ts-morph 26.0.0
[21:13:14.200] + vaul 1.1.2
[21:13:14.200] + wouter 3.7.1
[21:13:14.200] + ws 8.18.3
[21:13:14.201] + xlsx 0.18.5
[21:13:14.201] + zod 3.25.76
[21:13:14.201] + zod-validation-error 3.5.3
[21:13:14.201] 
[21:13:14.201] optionalDependencies:
[21:13:14.201] + bufferutil 4.0.9
[21:13:14.201] 
[21:13:14.201] devDependencies:
[21:13:14.201] + @replit/vite-plugin-cartographer 0.2.8
[21:13:14.201] + @replit/vite-plugin-runtime-error-modal 0.0.3
[21:13:14.202] + @tailwindcss/typography 0.5.16
[21:13:14.202] + @tailwindcss/vite 4.1.12
[21:13:14.202] + @types/connect-pg-simple 7.0.3
[21:13:14.202] + @types/express 4.17.21
[21:13:14.202] + @types/node 20.16.11
[21:13:14.202] + @types/passport 1.0.17
[21:13:14.202] + @types/passport-local 1.0.38
[21:13:14.202] + @types/react 19.1.11
[21:13:14.202] + @types/react-dom 19.1.7
[21:13:14.203] + @types/ws 8.18.1
[21:13:14.203] + @vitejs/plugin-react 4.7.0
[21:13:14.203] + autoprefixer 10.4.21
[21:13:14.203] + drizzle-kit 0.30.6
[21:13:14.203] + esbuild 0.25.9
[21:13:14.203] + postcss 8.5.6
[21:13:14.203] + tailwindcss 3.4.17
[21:13:14.203] + tsx 4.20.5
[21:13:14.203] + typescript 5.6.3
[21:13:14.204] + vite 5.4.19
[21:13:14.204] 
[21:13:14.376] Done in 33.2s using pnpm v9.15.9
[21:13:14.716] Using TypeScript 5.6.3 (local user-provided)
[21:16:01.684] server/storage.ts(683,68): error TS2345: Argument of type 'string | undefined' is not assignable to parameter of type 'string'.
[21:16:01.684]   Type 'undefined' is not assignable to type 'string'.
[21:16:01.684] server/storage.ts(684,66): error TS2345: Argument of type 'string | undefined' is not assignable to parameter of type 'string'.
[21:16:01.684]   Type 'undefined' is not assignable to type 'string'.
[21:16:01.684] server/storage.ts(3643,9): error TS2740: Type 'Omit<PgSelectBase<"ai_system_logs", { id: PgColumn<{ name: "id"; tableName: "ai_system_logs"; dataType: "string"; columnType: "PgVarchar"; data: string; driverParam: string; notNull: true; hasDefault: true; isPrimaryKey: true; ... 5 more ...; generated: undefined; }, {}, { ...; }>; ... 10 more ...; createdAt: PgColu...' is missing the following properties from type 'PgSelectBase<"ai_system_logs", { id: PgColumn<{ name: "id"; tableName: "ai_system_logs"; dataType: "string"; columnType: "PgVarchar"; data: string; driverParam: string; notNull: true; hasDefault: true; isPrimaryKey: true; ... 5 more ...; generated: undefined; }, {}, { ...; }>; ... 10 more ...; createdAt: PgColumn<.....': config, joinsNotNullableMap, tableName, isPartialSelect, and 5 more.
[21:16:01.684] server/storage.ts(3646,7): error TS2740: Type 'Omit<PgSelectBase<"ai_system_logs", { id: PgColumn<{ name: "id"; tableName: "ai_system_logs"; dataType: "string"; columnType: "PgVarchar"; data: string; driverParam: string; notNull: true; hasDefault: true; isPrimaryKey: true; ... 5 more ...; generated: undefined; }, {}, { ...; }>; ... 10 more ...; createdAt: PgColu...' is missing the following properties from type 'PgSelectBase<"ai_system_logs", { id: PgColumn<{ name: "id"; tableName: "ai_system_logs"; dataType: "string"; columnType: "PgVarchar"; data: string; driverParam: string; notNull: true; hasDefault: true; isPrimaryKey: true; ... 5 more ...; generated: undefined; }, {}, { ...; }>; ... 10 more ...; createdAt: PgColumn<.....': config, joinsNotNullableMap, tableName, isPartialSelect, and 5 more.
[21:16:01.684] server/storage.ts(3649,9): error TS2740: Type 'Omit<PgSelectBase<"ai_system_logs", { id: PgColumn<{ name: "id"; tableName: "ai_system_logs"; dataType: "string"; columnType: "PgVarchar"; data: string; driverParam: string; notNull: true; hasDefault: true; isPrimaryKey: true; ... 5 more ...; generated: undefined; }, {}, { ...; }>; ... 10 more ...; createdAt: PgColu...' is missing the following properties from type 'PgSelectBase<"ai_system_logs", { id: PgColumn<{ name: "id"; tableName: "ai_system_logs"; dataType: "string"; columnType: "PgVarchar"; data: string; driverParam: string; notNull: true; hasDefault: true; isPrimaryKey: true; ... 5 more ...; generated: undefined; }, {}, { ...; }>; ... 10 more ...; createdAt: PgColumn<.....': config, joinsNotNullableMap, tableName, isPartialSelect, and 5 more.
[21:16:01.684] server/storage.ts(3697,9): error TS2740: Type 'Omit<PgSelectBase<"ai_system_metrics", { id: PgColumn<{ name: "id"; tableName: "ai_system_metrics"; dataType: "string"; columnType: "PgVarchar"; data: string; driverParam: string; notNull: true; hasDefault: true; ... 6 more ...; generated: undefined; }, {}, { ...; }>; ... 9 more ...; createdAt: PgColumn<...>; }, ......' is missing the following properties from type 'PgSelectBase<"ai_system_metrics", { id: PgColumn<{ name: "id"; tableName: "ai_system_metrics"; dataType: "string"; columnType: "PgVarchar"; data: string; driverParam: string; notNull: true; hasDefault: true; ... 6 more ...; generated: undefined; }, {}, { ...; }>; ... 9 more ...; createdAt: PgColumn<...>; }, ... 5 mo...': config, joinsNotNullableMap, tableName, isPartialSelect, and 5 more.
[21:16:01.684] server/storage.ts(3700,7): error TS2740: Type 'Omit<PgSelectBase<"ai_system_metrics", { id: PgColumn<{ name: "id"; tableName: "ai_system_metrics"; dataType: "string"; columnType: "PgVarchar"; data: string; driverParam: string; notNull: true; hasDefault: true; ... 6 more ...; generated: undefined; }, {}, { ...; }>; ... 9 more ...; createdAt: PgColumn<...>; }, ......' is missing the following properties from type 'PgSelectBase<"ai_system_metrics", { id: PgColumn<{ name: "id"; tableName: "ai_system_metrics"; dataType: "string"; columnType: "PgVarchar"; data: string; driverParam: string; notNull: true; hasDefault: true; ... 6 more ...; generated: undefined; }, {}, { ...; }>; ... 9 more ...; createdAt: PgColumn<...>; }, ... 5 mo...': config, joinsNotNullableMap, tableName, isPartialSelect, and 5 more.
[21:16:01.685] server/storage.ts(3703,9): error TS2740: Type 'Omit<PgSelectBase<"ai_system_metrics", { id: PgColumn<{ name: "id"; tableName: "ai_system_metrics"; dataType: "string"; columnType: "PgVarchar"; data: string; driverParam: string; notNull: true; hasDefault: true; ... 6 more ...; generated: undefined; }, {}, { ...; }>; ... 9 more ...; createdAt: PgColumn<...>; }, ......' is missing the following properties from type 'PgSelectBase<"ai_system_metrics", { id: PgColumn<{ name: "id"; tableName: "ai_system_metrics"; dataType: "string"; columnType: "PgVarchar"; data: string; driverParam: string; notNull: true; hasDefault: true; ... 6 more ...; generated: undefined; }, {}, { ...; }>; ... 9 more ...; createdAt: PgColumn<...>; }, ... 5 mo...': config, joinsNotNullableMap, tableName, isPartialSelect, and 5 more.
[21:16:01.685] server/storage.ts(3766,9): error TS2740: Type 'Omit<PgSelectBase<"ai_system_decisions", { id: PgColumn<{ name: "id"; tableName: "ai_system_decisions"; dataType: "string"; columnType: "PgVarchar"; data: string; driverParam: string; notNull: true; hasDefault: true; ... 6 more ...; generated: undefined; }, {}, { ...; }>; ... 14 more ...; updatedAt: PgColumn<...>; }...' is missing the following properties from type 'PgSelectBase<"ai_system_decisions", { id: PgColumn<{ name: "id"; tableName: "ai_system_decisions"; dataType: "string"; columnType: "PgVarchar"; data: string; driverParam: string; notNull: true; hasDefault: true; ... 6 more ...; generated: undefined; }, {}, { ...; }>; ... 14 more ...; updatedAt: PgColumn<...>; }, ......': config, joinsNotNullableMap, tableName, isPartialSelect, and 5 more.
[21:16:01.685] server/storage.ts(3847,9): error TS2740: Type 'Omit<PgSelectBase<"ai_system_recommendations", { id: PgColumn<{ name: "id"; tableName: "ai_system_recommendations"; dataType: "string"; columnType: "PgVarchar"; data: string; driverParam: string; notNull: true; ... 7 more ...; generated: undefined; }, {}, { ...; }>; ... 19 more ...; executedBy: PgColumn<...>; }, ......' is missing the following properties from type 'PgSelectBase<"ai_system_recommendations", { id: PgColumn<{ name: "id"; tableName: "ai_system_recommendations"; dataType: "string"; columnType: "PgVarchar"; data: string; driverParam: string; notNull: true; ... 7 more ...; generated: undefined; }, {}, { ...; }>; ... 19 more ...; executedBy: PgColumn<...>; }, ... 5 mo...': config, joinsNotNullableMap, tableName, isPartialSelect, and 5 more.
[21:16:01.685] server/storage.ts(3968,49): error TS2769: No overload matches this call.
[21:16:01.685]   Overload 1 of 2, '(value: { title: string | SQL<unknown> | Placeholder<string, any>; type: string | SQL<unknown> | Placeholder<string, any>; body: string | SQL<unknown> | Placeholder<string, any>; ... 11 more ...; meta?: unknown; }): PgInsertBase<...>', gave the following error.
[21:16:01.685]     Argument of type '{ id: string; userId: string; type: "security"; title: string; message: string; data: { tableName: any; securityLevel: any; rowCount: number; policySuggestions: { type: string; title: string; code: string; description: string; }[]; suggestedAction: string; }; priority: "high"; read: boolean; createdAt: Date; expires...' is not assignable to parameter of type '{ title: string | SQL<unknown> | Placeholder<string, any>; type: string | SQL<unknown> | Placeholder<string, any>; body: string | SQL<unknown> | Placeholder<string, any>; ... 11 more ...; meta?: unknown; }'.
[21:16:01.685]       Property 'body' is missing in type '{ id: string; userId: string; type: "security"; title: string; message: string; data: { tableName: any; securityLevel: any; rowCount: number; policySuggestions: { type: string; title: string; code: string; description: string; }[]; suggestedAction: string; }; priority: "high"; read: boolean; createdAt: Date; expires...' but required in type '{ title: string | SQL<unknown> | Placeholder<string, any>; type: string | SQL<unknown> | Placeholder<string, any>; body: string | SQL<unknown> | Placeholder<string, any>; ... 11 more ...; meta?: unknown; }'.
[21:16:01.685]   Overload 2 of 2, '(values: { title: string | SQL<unknown> | Placeholder<string, any>; type: string | SQL<unknown> | Placeholder<string, any>; body: string | SQL<unknown> | Placeholder<string, any>; ... 11 more ...; meta?: unknown; }[]): PgInsertBase<...>', gave the following error.
[21:16:01.685]     Argument of type '{ id: string; userId: string; type: "security"; title: string; message: string; data: { tableName: any; securityLevel: any; rowCount: number; policySuggestions: { type: string; title: string; code: string; description: string; }[]; suggestedAction: string; }; priority: "high"; read: boolean; createdAt: Date; expires...' is not assignable to parameter of type '{ title: string | SQL<unknown> | Placeholder<string, any>; type: string | SQL<unknown> | Placeholder<string, any>; body: string | SQL<unknown> | Placeholder<string, any>; ... 11 more ...; meta?: unknown; }[]'.
[21:16:01.685]       Type '{ id: string; userId: string; type: "security"; title: string; message: string; data: { tableName: any; securityLevel: any; rowCount: number; policySuggestions: { type: string; title: string; code: string; description: string; }[]; suggestedAction: string; }; priority: "high"; read: boolean; createdAt: Date; expires...' is missing the following properties from type '{ title: string | SQL<unknown> | Placeholder<string, any>; type: string | SQL<unknown> | Placeholder<string, any>; body: string | SQL<unknown> | Placeholder<string, any>; ... 11 more ...; meta?: unknown; }[]': length, pop, push, concat, and 35 more.
[21:16:01.685] 
[21:16:02.800] server/services/AiSystemService.ts(693,9): error TS2322: Type 'number' is not assignable to type 'string'.
[21:16:02.800] server/services/AiSystemService.ts(693,133): error TS2339: Property 'toString' does not exist on type 'never'.
[21:16:02.801] server/services/AiSystemService.ts(1173,63): error TS2365: Operator '+' cannot be applied to types 'number' and 'string | number'.
[21:16:02.801] server/services/AiSystemService.ts(1311,11): error TS2322: Type 'number' is not assignable to type 'string'.
[21:16:02.801] 
[21:16:02.949] server/services/SecurityPolicyService.ts(108,9): error TS2353: Object literal may only specify known properties, and 'metadata' does not exist in type 'NotificationPayload'.
[21:16:02.950] server/services/SecurityPolicyService.ts(150,9): error TS2353: Object literal may only specify known properties, and 'metadata' does not exist in type 'NotificationPayload'.
[21:16:02.950] server/services/SecurityPolicyService.ts(194,9): error TS2353: Object literal may only specify known properties, and 'metadata' does not exist in type 'NotificationPayload'.
[21:16:02.950] server/services/SecurityPolicyService.ts(268,9): error TS2353: Object literal may only specify known properties, and 'metadata' does not exist in type 'NotificationPayload'.
[21:16:02.950] server/services/SecurityPolicyService.ts(355,9): error TS2353: Object literal may only specify known properties, and 'metadata' does not exist in type 'NotificationPayload'.
[21:16:02.950] server/services/SecurityPolicyService.ts(456,9): error TS2353: Object literal may only specify known properties, and 'metadata' does not exist in type 'NotificationPayload'.
[21:16:02.951] 
[21:16:26.354] Build Completed in /vercel/output [4m]
[21:16:26.826] Deploying outputs...
[21:16:35.437] Deployment completed
[21:16:36.319] Creating build cache...
[21:17:23.126] Created build cache: 46.807s
[21:17:23.128] Uploading build cache [181.18 MB]
[21:17:24.909] Build cache uploaded: 1.782s