[22:25:38.959] Running build in Washington, D.C., USA (East) – iad1
[22:25:38.960] Build machine configuration: 2 cores, 8 GB
[22:25:39.009] Cloning github.com/Ayemen27/Mr-199-app-321 (Branch: main, Commit: c1c8f07)
[22:25:39.020] Skipping build cache, deployment was triggered without cache.
[22:25:46.735] Cloning completed: 7.724s
[22:25:46.917] Found .vercelignore
[22:25:47.051] Removed 929 ignored files defined in .vercelignore
[22:25:47.051]   /.replit
[22:25:47.051]   /attached_assets/٢٠٢٥٠٤٣٠_٢١٣٨٠٤_1754051772352.jpg
[22:25:47.052]   /attached_assets/٢٠٢٥٠٤٣٠_٢١٣٩٣٩_1754051772374.jpg
[22:25:47.052]   /attached_assets/٢٠٢٥٠٤٣٠_٢١٤١١٤_1754051772404.jpg
[22:25:47.052]   /attached_assets/٢٠٢٥٠٤٣٠_٢١٤٢٢٩_1754051772391.jpg
[22:25:47.052]   /attached_assets/٢٠٢٥٠٤٣٠_٢١٤٣٢٧_1754051772412.jpg
[22:25:47.052]   /attached_assets/٢٠٢٥٠٤٣٠_٢١٥١٠٠_1754051772420.jpg
[22:25:47.052]   /attached_assets/content-1756472284900.md
[22:25:47.052]   /attached_assets/edit-tool-dialogصحيح_1755703637911.tsx
[22:25:47.053]   /attached_assets/edit-tool-dialogفيه اخطا_1755703624701.tsx
[22:25:47.569] Running "vercel build"
[22:25:47.968] Vercel CLI 46.1.0
[22:25:48.162] WARN! Due to `builds` existing in your configuration file, the Build and Development Settings defined in your Project Settings will not apply. Learn More: https://vercel.link/unused-build-settings
[22:25:48.962] Detected `pnpm-lock.yaml` 9 which may be generated by pnpm@9.x or pnpm@10.x
[22:25:48.963] Using pnpm@9.x based on project creation date
[22:25:48.963] To use pnpm@10.x, manually opt in using corepack (https://vercel.com/docs/deployments/configure-a-build#corepack)
[22:25:48.983] Installing dependencies...
[22:25:50.938] Lockfile is up to date, resolution step is skipped
[22:25:51.075] Progress: resolved 1, reused 0, downloaded 0, added 0
[22:25:51.311] Packages: +1186
[22:25:51.311] ++++++++++++++++++++++++++++++++++++++++++++++++++++++++++++++++++++++++++++++++
[22:25:52.076] Progress: resolved 1186, reused 0, downloaded 23, added 13
[22:25:53.077] Progress: resolved 1186, reused 0, downloaded 78, added 67
[22:25:54.078] Progress: resolved 1186, reused 0, downloaded 105, added 92
[22:25:55.079] Progress: resolved 1186, reused 0, downloaded 121, added 105
[22:25:56.079] Progress: resolved 1186, reused 0, downloaded 234, added 227
[22:25:57.081] Progress: resolved 1186, reused 0, downloaded 385, added 377
[22:25:58.082] Progress: resolved 1186, reused 0, downloaded 448, added 436
[22:25:59.083] Progress: resolved 1186, reused 0, downloaded 534, added 518
[22:26:00.084] Progress: resolved 1186, reused 0, downloaded 592, added 577
[22:26:01.085] Progress: resolved 1186, reused 0, downloaded 681, added 675
[22:26:02.085] Progress: resolved 1186, reused 0, downloaded 706, added 692
[22:26:03.087] Progress: resolved 1186, reused 0, downloaded 722, added 706
[22:26:04.089] Progress: resolved 1186, reused 0, downloaded 739, added 723
[22:26:05.091] Progress: resolved 1186, reused 0, downloaded 801, added 787
[22:26:06.095] Progress: resolved 1186, reused 0, downloaded 843, added 827
[22:26:07.096] Progress: resolved 1186, reused 0, downloaded 861, added 847
[22:26:08.097] Progress: resolved 1186, reused 0, downloaded 877, added 861
[22:26:09.099] Progress: resolved 1186, reused 0, downloaded 921, added 908
[22:26:10.101] Progress: resolved 1186, reused 0, downloaded 938, added 924
[22:26:11.101] Progress: resolved 1186, reused 0, downloaded 948, added 932
[22:26:12.101] Progress: resolved 1186, reused 0, downloaded 956, added 945
[22:26:13.101] Progress: resolved 1186, reused 0, downloaded 999, added 985
[22:26:14.102] Progress: resolved 1186, reused 0, downloaded 1065, added 1056
[22:26:15.102] Progress: resolved 1186, reused 0, downloaded 1136, added 1124
[22:26:15.637] Progress: resolved 1186, reused 0, downloaded 1186, added 1186, done
[22:26:16.136] .../node_modules/@tailwindcss/oxide postinstall$ node ./scripts/install.js
[22:26:16.149] .../esbuild@0.21.5/node_modules/esbuild postinstall$ node install.js
[22:26:16.152] .../esbuild@0.18.20/node_modules/esbuild postinstall$ node install.js
[22:26:16.153] .../esbuild@0.19.12/node_modules/esbuild postinstall$ node install.js
[22:26:16.153] .../esbuild@0.25.9/node_modules/esbuild postinstall$ node install.js
[22:26:16.328] .../node_modules/@tailwindcss/oxide postinstall: Done
[22:26:16.340] .../node_modules/bufferutil install$ node-gyp-build
[22:26:16.427] .../esbuild@0.18.20/node_modules/esbuild postinstall: Done
[22:26:16.460] .../esbuild@0.21.5/node_modules/esbuild postinstall: Done
[22:26:16.486] .../esbuild@0.19.12/node_modules/esbuild postinstall: Done
[22:26:16.494] .../bcrypt@6.0.0/node_modules/bcrypt install$ node-gyp-build
[22:26:16.535] .../esbuild@0.25.9/node_modules/esbuild postinstall: Done
[22:26:16.569] .../core-js@3.45.1/node_modules/core-js postinstall$ node -e "try{require('./postinstall')}catch(e){}"
[22:26:16.636] .../es5-ext@0.10.64/node_modules/es5-ext postinstall$  node -e "try{require('./_postinstall')}catch(e){}" || exit 0
[22:26:16.694] .../node_modules/bufferutil install: Done
[22:26:16.697] .../core-js@3.45.1/node_modules/core-js postinstall: Done
[22:26:17.096] .../bcrypt@6.0.0/node_modules/bcrypt install: Done
[22:26:17.101] .../node_modules/puppeteer postinstall$ node install.mjs
[22:26:17.146] .../es5-ext@0.10.64/node_modules/es5-ext postinstall: Done
[22:26:17.470] .../node_modules/puppeteer postinstall: **INFO** Skipping Firefox download as instructed.
[22:26:22.721] .../node_modules/puppeteer postinstall: chrome-headless-shell (139.0.7258.138) downloaded to /vercel/.cache/puppeteer/chrome-headless-shell/linux-139.0.7258.138
[22:26:23.914] .../node_modules/puppeteer postinstall: chrome (139.0.7258.138) downloaded to /vercel/.cache/puppeteer/chrome/linux-139.0.7258.138
[22:26:23.928] .../node_modules/puppeteer postinstall: Done
[22:26:24.879] 
[22:26:24.879] dependencies:
[22:26:24.879] + @anthropic-ai/sdk 0.37.0
[22:26:24.880] + @babel/core 7.28.3
[22:26:24.880] + @expo/metro-runtime 5.0.4
[22:26:24.880] + @expo/vector-icons 15.0.0
[22:26:24.880] + @hookform/resolvers 3.10.0
[22:26:24.880] + @neondatabase/serverless 0.10.4
[22:26:24.880] + @radix-ui/react-accordion 1.2.12
[22:26:24.880] + @radix-ui/react-alert-dialog 1.1.15
[22:26:24.881] + @radix-ui/react-aspect-ratio 1.1.7
[22:26:24.881] + @radix-ui/react-avatar 1.1.10
[22:26:24.881] + @radix-ui/react-checkbox 1.3.3
[22:26:24.881] + @radix-ui/react-collapsible 1.1.12
[22:26:24.881] + @radix-ui/react-context-menu 2.2.16
[22:26:24.881] + @radix-ui/react-dialog 1.1.15
[22:26:24.881] + @radix-ui/react-dropdown-menu 2.1.16
[22:26:24.884] + @radix-ui/react-hover-card 1.1.15
[22:26:24.884] + @radix-ui/react-label 2.1.7
[22:26:24.884] + @radix-ui/react-menubar 1.1.16
[22:26:24.884] + @radix-ui/react-navigation-menu 1.2.14
[22:26:24.884] + @radix-ui/react-popover 1.1.15
[22:26:24.884] + @radix-ui/react-progress 1.1.7
[22:26:24.884] + @radix-ui/react-radio-group 1.3.8
[22:26:24.884] + @radix-ui/react-scroll-area 1.2.10
[22:26:24.884] + @radix-ui/react-select 2.2.6
[22:26:24.885] + @radix-ui/react-separator 1.1.7
[22:26:24.885] + @radix-ui/react-slider 1.3.6
[22:26:24.885] + @radix-ui/react-slot 1.2.3
[22:26:24.885] + @radix-ui/react-switch 1.2.6
[22:26:24.885] + @radix-ui/react-tabs 1.1.13
[22:26:24.885] + @radix-ui/react-toast 1.2.15
[22:26:24.885] + @radix-ui/react-toggle 1.1.10
[22:26:24.885] + @radix-ui/react-toggle-group 1.1.11
[22:26:24.885] + @radix-ui/react-tooltip 1.2.8
[22:26:24.885] + @react-native-async-storage/async-storage 2.2.0
[22:26:24.885] + @react-navigation/bottom-tabs 7.4.6
[22:26:24.885] + @react-navigation/native 7.1.17
[22:26:24.885] + @react-navigation/stack 7.4.7
[22:26:24.885] + @supabase/supabase-js 2.56.0
[22:26:24.885] + @tanstack/react-query 5.85.5
[22:26:24.885] + @types/bcrypt 6.0.0
[22:26:24.885] + @types/file-saver 2.0.7
[22:26:24.885] + @types/jsonwebtoken 9.0.10
[22:26:24.885] + @types/memoizee 0.4.12
[22:26:24.885] + @types/mustache 4.2.6
[22:26:24.885] + @types/speakeasy 2.0.10
[22:26:24.885] + bcrypt 6.0.0
[22:26:24.885] + class-variance-authority 0.7.1
[22:26:24.885] + clsx 2.1.1
[22:26:24.885] + cmdk 1.1.1
[22:26:24.885] + date-fns 3.6.0
[22:26:24.885] + drizzle-orm 0.39.3
[22:26:24.885] + drizzle-zod 0.7.1
[22:26:24.885] + embla-carousel-react 8.6.0
[22:26:24.885] + exceljs 4.4.0
[22:26:24.885] + expo 53.0.20
[22:26:24.886] + expo-build-properties 0.14.8
[22:26:24.886] + expo-constants 17.1.7
[22:26:24.886] + expo-dev-client 5.2.4
[22:26:24.886] + expo-status-bar 2.2.3
[22:26:24.886] + expo-updates 0.28.17
[22:26:24.886] + express 4.21.2
[22:26:24.886] + file-saver 2.0.5
[22:26:24.886] + framer-motion 11.18.2
[22:26:24.886] + fs-extra 11.3.1
[22:26:24.886] + html2canvas 1.4.1
[22:26:24.886] + input-otp 1.4.2
[22:26:24.886] + jsonwebtoken 9.0.2
[22:26:24.886] + jspdf 3.0.1
[22:26:24.886] + lucide-react 0.453.0
[22:26:24.886] + memoizee 0.4.17
[22:26:24.886] + mustache 4.2.0
[22:26:24.886] + nanoid 5.1.5
[22:26:24.886] + openid-client 6.6.4
[22:26:24.886] + passport 0.7.0
[22:26:24.886] + passport-local 1.0.0
[22:26:24.886] + pg 8.16.3
[22:26:24.886] + puppeteer 24.17.0
[22:26:24.886] + react 19.1.1
[22:26:24.886] + react-day-picker 8.10.1
[22:26:24.886] + react-dom 19.1.1
[22:26:24.886] + react-hook-form 7.62.0
[22:26:24.886] + react-icons 5.5.0
[22:26:24.886] + react-native 0.81.0
[22:26:24.886] + react-native-gesture-handler 2.28.0
[22:26:24.886] + react-native-reanimated 4.0.2
[22:26:24.886] + react-native-safe-area-context 5.6.1
[22:26:24.892] + react-native-screens 4.15.2
[22:26:24.892] + react-native-svg 15.12.1
[22:26:24.892] + react-native-web 0.20.0
[22:26:24.892] + react-resizable-panels 2.1.9
[22:26:24.892] + recharts 2.15.4
[22:26:24.892] + speakeasy 2.0.0
[22:26:24.892] + tailwind-merge 2.6.0
[22:26:24.892] + tailwindcss-animate 1.0.7
[22:26:24.892] + ts-morph 26.0.0
[22:26:24.892] + vaul 1.1.2
[22:26:24.892] + wouter 3.7.1
[22:26:24.892] + ws 8.18.3
[22:26:24.892] + xlsx 0.18.5
[22:26:24.892] + zod 3.25.76
[22:26:24.892] + zod-validation-error 3.5.3
[22:26:24.892] 
[22:26:24.892] optionalDependencies:
[22:26:24.892] + bufferutil 4.0.9
[22:26:24.892] 
[22:26:24.892] devDependencies:
[22:26:24.892] + @replit/vite-plugin-cartographer 0.2.8
[22:26:24.892] + @replit/vite-plugin-runtime-error-modal 0.0.3
[22:26:24.892] + @tailwindcss/typography 0.5.16
[22:26:24.892] + @tailwindcss/vite 4.1.12
[22:26:24.892] + @types/connect-pg-simple 7.0.3
[22:26:24.892] + @types/express 4.17.21
[22:26:24.892] + @types/node 20.16.11
[22:26:24.893] + @types/passport 1.0.17
[22:26:24.893] + @types/passport-local 1.0.38
[22:26:24.893] + @types/react 19.1.11
[22:26:24.893] + @types/react-dom 19.1.7
[22:26:24.893] + @types/ws 8.18.1
[22:26:24.893] + @vitejs/plugin-react 4.7.0
[22:26:24.893] + autoprefixer 10.4.21
[22:26:24.893] + drizzle-kit 0.30.6
[22:26:24.893] + esbuild 0.25.9
[22:26:24.893] + postcss 8.5.6
[22:26:24.893] + tailwindcss 3.4.17
[22:26:24.893] + tsx 4.20.5
[22:26:24.893] + typescript 5.6.3
[22:26:24.893] + vite 5.4.19
[22:26:24.893] 
[22:26:25.057] Done in 35.3s using pnpm v9.15.9
[22:26:25.815] Using TypeScript 5.6.3 (local user-provided)
[22:29:06.277] server/services/AiSystemService.ts(693,9): error TS2322: Type 'number' is not assignable to type 'string'.
[22:29:06.278] server/services/AiSystemService.ts(693,133): error TS2339: Property 'toString' does not exist on type 'never'.
[22:29:06.278] server/services/AiSystemService.ts(1173,63): error TS2365: Operator '+' cannot be applied to types 'number' and 'string | number'.
[22:29:06.278] server/services/AiSystemService.ts(1311,11): error TS2322: Type 'number' is not assignable to type 'string'.
[22:29:06.278] 
[22:29:06.423] server/services/SecurityPolicyService.ts(108,9): error TS2353: Object literal may only specify known properties, and 'metadata' does not exist in type 'NotificationPayload'.
[22:29:06.423] server/services/SecurityPolicyService.ts(150,9): error TS2353: Object literal may only specify known properties, and 'metadata' does not exist in type 'NotificationPayload'.
[22:29:06.423] server/services/SecurityPolicyService.ts(194,9): error TS2353: Object literal may only specify known properties, and 'metadata' does not exist in type 'NotificationPayload'.
[22:29:06.424] server/services/SecurityPolicyService.ts(268,9): error TS2353: Object literal may only specify known properties, and 'metadata' does not exist in type 'NotificationPayload'.
[22:29:06.424] server/services/SecurityPolicyService.ts(355,9): error TS2353: Object literal may only specify known properties, and 'metadata' does not exist in type 'NotificationPayload'.
[22:29:06.424] server/services/SecurityPolicyService.ts(456,9): error TS2353: Object literal may only specify known properties, and 'metadata' does not exist in type 'NotificationPayload'.
[22:29:06.424] 
[22:29:25.704] Build Completed in /vercel/output [4m]
[22:29:26.104] Deploying outputs...
[22:29:33.797] Deployment completed
[22:29:34.628] Creating build cache...