Ø­Ù„Ù„ Ø§Ù„Ø³Ø¬Ù„
[20:23:32.645] Running build in Washington, D.C., USA (East) â€“ iad1
[20:23:32.645] Build machine configuration: 2 cores, 8 GB
[20:23:32.665] Cloning github.com/Ayemen27/construction-management (Branch: main, Commit: d97b075)
[20:23:32.673] Skipping build cache, deployment was triggered without cache.
[20:23:33.099] Cloning completed: 433.000ms
[20:23:33.153] Found .vercelignore
[20:23:33.160] Removed 1 ignored files defined in .vercelignore
[20:23:33.160]   /.replit
[20:23:33.665] Running "vercel build"
[20:23:34.060] Vercel CLI 46.1.1
[20:23:34.958] Detected pnpm-lock.yaml 9 which may be generated by pnpm@9.x or pnpm@10.x
[20:23:34.959] Using pnpm@10.x based on project creation date
[20:23:34.959] To use pnpm@9.x, manually opt in using corepack (https://vercel.com/docs/deployments/configure-a-build#corepack)
[20:23:34.983] Installing dependencies...
[20:23:35.670] Lockfile is up to date, resolution step is skipped
[20:23:35.835] Progress: resolved 1, reused 0, downloaded 0, added 0
[20:23:35.975] Packages: +1248
[20:23:35.975] ++++++++++++++++++++++++++++++++++++++++++++++++++++++++++++++++++++++++++++++++
[20:23:36.836] Progress: resolved 1248, reused 0, downloaded 50, added 12
[20:23:37.837] Progress: resolved 1248, reused 0, downloaded 131, added 46
[20:23:38.838] Progress: resolved 1248, reused 0, downloaded 154, added 54
[20:23:39.842] Progress: resolved 1248, reused 0, downloaded 300, added 131
[20:23:40.852] Progress: resolved 1248, reused 0, downloaded 372, added 190
[20:23:41.852] Progress: resolved 1248, reused 0, downloaded 471, added 225
[20:23:42.857] Progress: resolved 1248, reused 0, downloaded 595, added 281
[20:23:43.857] Progress: resolved 1248, reused 0, downloaded 707, added 339
[20:23:44.858] Progress: resolved 1248, reused 0, downloaded 785, added 375
[20:23:45.859] Progress: resolved 1248, reused 0, downloaded 816, added 383
[20:23:46.860] Progress: resolved 1248, reused 0, downloaded 903, added 411
[20:23:47.860] Progress: resolved 1248, reused 0, downloaded 940, added 424
[20:23:48.862] Progress: resolved 1248, reused 0, downloaded 1009, added 448
[20:23:49.862] Progress: resolved 1248, reused 0, downloaded 1028, added 452
[20:23:50.864] Progress: resolved 1248, reused 0, downloaded 1130, added 496
[20:23:51.865] Progress: resolved 1248, reused 0, downloaded 1232, added 528
[20:23:52.866] Progress: resolved 1248, reused 0, downloaded 1247, added 660
[20:23:53.869] Progress: resolved 1248, reused 0, downloaded 1247, added 784
[20:23:54.870] Progress: resolved 1248, reused 0, downloaded 1247, added 799
[20:23:55.870] Progress: resolved 1248, reused 0, downloaded 1247, added 926
[20:23:56.870] Progress: resolved 1248, reused 0, downloaded 1247, added 939
[20:23:57.871] Progress: resolved 1248, reused 0, downloaded 1247, added 1012
[20:23:58.872] Progress: resolved 1248, reused 0, downloaded 1247, added 1102
[20:23:59.418] Progress: resolved 1248, reused 0, downloaded 1247, added 1248, done
[20:24:00.158]
[20:24:00.159] dependencies:
[20:24:00.159] + @anthropic-ai/sdk 0.37.0
[20:24:00.159] + @babel/core 7.28.3
[20:24:00.159] + @expo/metro-runtime 5.0.4
[20:24:00.159] + @expo/vector-icons 15.0.0
[20:24:00.160] + @hookform/resolvers 3.10.0
[20:24:00.160] + @neondatabase/serverless 0.10.4
[20:24:00.160] + @radix-ui/react-accordion 1.2.12
[20:24:00.160] + @radix-ui/react-alert-dialog 1.1.15
[20:24:00.160] + @radix-ui/react-aspect-ratio 1.1.7
[20:24:00.160] + @radix-ui/react-avatar 1.1.10
[20:24:00.160] + @radix-ui/react-checkbox 1.3.3
[20:24:00.160] + @radix-ui/react-collapsible 1.1.12
[20:24:00.160] + @radix-ui/react-context-menu 2.2.16
[20:24:00.161] + @radix-ui/react-dialog 1.1.15
[20:24:00.161] + @radix-ui/react-dropdown-menu 2.1.16
[20:24:00.161] + @radix-ui/react-hover-card 1.1.15
[20:24:00.161] + @radix-ui/react-label 2.1.7
[20:24:00.161] + @radix-ui/react-menubar 1.1.16
[20:24:00.161] + @radix-ui/react-navigation-menu 1.2.14
[20:24:00.161] + @radix-ui/react-popover 1.1.15
[20:24:00.161] + @radix-ui/react-progress 1.1.7
[20:24:00.162] + @radix-ui/react-radio-group 1.3.8
[20:24:00.162] + @radix-ui/react-scroll-area 1.2.10
[20:24:00.162] + @radix-ui/react-select 2.2.6
[20:24:00.162] + @radix-ui/react-separator 1.1.7
[20:24:00.162] + @radix-ui/react-slider 1.3.6
[20:24:00.162] + @radix-ui/react-slot 1.2.3
[20:24:00.162] + @radix-ui/react-switch 1.2.6
[20:24:00.162] + @radix-ui/react-tabs 1.1.13
[20:24:00.162] + @radix-ui/react-toast 1.2.15
[20:24:00.163] + @radix-ui/react-toggle 1.1.10
[20:24:00.163] + @radix-ui/react-toggle-group 1.1.11
[20:24:00.163] + @radix-ui/react-tooltip 1.2.8
[20:24:00.163] + @react-native-async-storage/async-storage 2.2.0
[20:24:00.163] + @react-navigation/bottom-tabs 7.4.6
[20:24:00.163] + @react-navigation/native 7.1.17
[20:24:00.163] + @react-navigation/stack 7.4.7
[20:24:00.164] + @supabase/supabase-js 2.56.0
[20:24:00.164] + @tanstack/react-query 5.85.5
[20:24:00.164] + @types/bcryptjs 3.0.0
[20:24:00.164] + @types/file-saver 2.0.7
[20:24:00.164] + @types/jsonwebtoken 9.0.10
[20:24:00.164] + @types/memoizee 0.4.12
[20:24:00.164] + @types/mustache 4.2.6
[20:24:00.164] + @types/speakeasy 2.0.10
[20:24:00.164] + @vercel/node 5.3.17
[20:24:00.165] + bcryptjs 3.0.2
[20:24:00.165] + class-variance-authority 0.7.1
[20:24:00.165] + clsx 2.1.1
[20:24:00.165] + cmdk 1.1.1
[20:24:00.165] + date-fns 3.6.0
[20:24:00.165] + drizzle-orm 0.39.3
[20:24:00.165] + drizzle-zod 0.7.1
[20:24:00.165] + embla-carousel-react 8.6.0
[20:24:00.165] + exceljs 4.4.0
[20:24:00.166] + expo 53.0.20
[20:24:00.166] + expo-build-properties 0.14.8
[20:24:00.166] + expo-constants 17.1.7
[20:24:00.166] + expo-dev-client 5.2.4
[20:24:00.167] + expo-status-bar 2.2.3
[20:24:00.167] + expo-updates 0.28.17
[20:24:00.167] + express 4.21.2
[20:24:00.167] + file-saver 2.0.5
[20:24:00.167] + framer-motion 11.18.2
[20:24:00.167] + fs-extra 11.3.1
[20:24:00.167] + html2canvas 1.4.1
[20:24:00.167] + input-otp 1.4.2
[20:24:00.167] + jsonwebtoken 9.0.2
[20:24:00.168] + jspdf 3.0.1
[20:24:00.168] + lucide-react 0.453.0
[20:24:00.168] + memoizee 0.4.17
[20:24:00.168] + mustache 4.2.0
[20:24:00.168] + nanoid 5.1.5
[20:24:00.168] + openid-client 6.6.4
[20:24:00.168] + passport 0.7.0
[20:24:00.168] + passport-local 1.0.0
[20:24:00.169] + pg 8.16.3
[20:24:00.169] + puppeteer 24.18.0
[20:24:00.169] + react 19.1.1
[20:24:00.169] + react-day-picker 8.10.1
[20:24:00.169] + react-dom 19.1.1
[20:24:00.169] + react-hook-form 7.62.0
[20:24:00.169] + react-icons 5.5.0
[20:24:00.169] + react-native 0.81.0
[20:24:00.169] + react-native-gesture-handler 2.28.0
[20:24:00.170] + react-native-reanimated 4.0.2
[20:24:00.170] + react-native-safe-area-context 5.6.1
[20:24:00.170] + react-native-screens 4.15.2
[20:24:00.170] + react-native-svg 15.12.1
[20:24:00.170] + react-native-web 0.20.0
[20:24:00.170] + react-resizable-panels 2.1.9
[20:24:00.170] + recharts 2.15.4
[20:24:00.170] + speakeasy 2.0.0
[20:24:00.170] + tailwind-merge 2.6.0
[20:24:00.170] + tailwindcss-animate 1.0.7
[20:24:00.171] + ts-morph 26.0.0
[20:24:00.171] + vaul 1.1.2
[20:24:00.171] + wouter 3.7.1
[20:24:00.171] + ws 8.18.3
[20:24:00.171] + xlsx 0.18.5
[20:24:00.171] + zod 3.25.76
[20:24:00.171] + zod-validation-error 3.5.3
[20:24:00.171]
[20:24:00.171] optionalDependencies:
[20:24:00.171] + bufferutil 4.0.9
[20:24:00.172]
[20:24:00.172] devDependencies:
[20:24:00.172] + @replit/vite-plugin-cartographer 0.2.8
[20:24:00.173] + @replit/vite-plugin-runtime-error-modal 0.0.3
[20:24:00.173] + @tailwindcss/typography 0.5.16
[20:24:00.173] + @tailwindcss/vite 4.1.12
[20:24:00.174] + @types/connect-pg-simple 7.0.3
[20:24:00.174] + @types/express 4.17.21
[20:24:00.174] + @types/node 20.16.11
[20:24:00.174] + @types/passport 1.0.17
[20:24:00.174] + @types/passport-local 1.0.38
[20:24:00.174] + @types/react 19.1.11
[20:24:00.174] + @types/react-dom 19.1.7
[20:24:00.174] + @types/ws 8.18.1
[20:24:00.174] + @vitejs/plugin-react 4.7.0
[20:24:00.174] + autoprefixer 10.4.21
[20:24:00.174] + drizzle-kit 0.30.6
[20:24:00.175] + esbuild 0.25.9
[20:24:00.175] + postcss 8.5.6
[20:24:00.175] + tailwindcss 3.4.17
[20:24:00.175] + tsx 4.20.5
[20:24:00.175] + typescript 5.6.3
[20:24:00.175] + vite 5.4.19
[20:24:00.175]
[20:24:00.175] â•­ Warning â”€â”€â”€â”€â”€â”€â”€â”€â”€â”€â”€â”€â”€â”€â”€â”€â”€â”€â”€â”€â”€â”€â”€â”€â”€â”€â”€â”€â”€â”€â”€â”€â”€â”€â”€â”€â”€â”€â”€â”€â”€â”€â”€â”€â”€â”€â”€â”€â”€â”€â”€â”€â”€â”€â”€â”€â”€â”€â”€â”€â”€â”€â”€â”€â”€â”€â”€â”€â”€â•®
[20:24:00.175] â”‚                                                                              â”‚
[20:24:00.175] â”‚   Ignored build scripts: @tailwindcss/oxide, bufferutil, core-js, es5-ext,   â”‚
[20:24:00.175] â”‚   esbuild, puppeteer.                                                        â”‚
[20:24:00.176] â”‚   Run "pnpm approve-builds" to pick which dependencies should be allowed     â”‚
[20:24:00.176] â”‚   to run scripts.                                                            â”‚
[20:24:00.176] â”‚                                                                              â”‚
[20:24:00.176] â•°â”€â”€â”€â”€â”€â”€â”€â”€â”€â”€â”€â”€â”€â”€â”€â”€â”€â”€â”€â”€â”€â”€â”€â”€â”€â”€â”€â”€â”€â”€â”€â”€â”€â”€â”€â”€â”€â”€â”€â”€â”€â”€â”€â”€â”€â”€â”€â”€â”€â”€â”€â”€â”€â”€â”€â”€â”€â”€â”€â”€â”€â”€â”€â”€â”€â”€â”€â”€â”€â”€â”€â”€â”€â”€â”€â”€â”€â”€â•¯
[20:24:00.176]
[20:24:00.254] Done in 25.1s using pnpm v10.14.0
[20:24:00.458]
[20:24:00.458] > rest-express@1.0.0 build
[20:24:00.458] > vite build && esbuild server/index.ts --platform=node --packages=external --bundle --format=esm --outdir=dist
[20:24:00.458]
[20:24:00.724] [36mvite v5.4.19 [32mbuilding for production...[36m[39m
[20:24:00.796] transforming...
[20:24:13.149] [32mâœ“[39m 3096 modules transformed.
[20:24:14.141] rendering chunks...
[20:24:14.354] computing gzip size...
[20:24:14.399] [2m../dist/public/[22m[32mindex.html                      [39m[1m[2m    6.85 kB[22m[1m[22m[2m â”‚ gzip:   2.27 kB[22m
[20:24:14.400] [2m../dist/public/[22m[2massets/[22m[35mindex-Baqqj_BT.css       [39m[1m[2m  140.16 kB[22m[1m[22m[2m â”‚ gzip:  23.28 kB[22m
[20:24:14.408] [2m../dist/public/[22m[2massets/[22m[36mexceljs.min-MHb2lC1k.js  [39m[1m[33m  938.56 kB[39m[22m[2m â”‚ gzip: 271.04 kB[22m
[20:24:14.408] [2m../dist/public/[22m[2massets/[22m[36mindex-DzHiasgm.js        [39m[1m[33m1,230.23 kB[39m[22m[2m â”‚ gzip: 333.81 kB[22m
[20:24:14.408] [32mâœ“ built in 13.65s[39m
[20:24:14.409] [33m
[20:24:14.409] (!) Some chunks are larger than 500 kB after minification. Consider:
[20:24:14.409] - Using dynamic import() to code-split the application
[20:24:14.409] - Use build.rollupOptions.output.manualChunks to improve chunking: https://rollupjs.org/configuration-options/#output-manualchunks
[20:24:14.409] - Adjust chunk size limit for this warning via build.chunkSizeWarningLimit.[39m
[20:24:14.564]
[20:24:14.566]   dist/index.js  774.4kb
[20:24:14.566]
[20:24:14.566] âš¡ Done in 48ms
[20:24:14.703] Detected pnpm-lock.yaml 9 which may be generated by pnpm@9.x or pnpm@10.x
[20:24:14.704] Using pnpm@10.x based on project creation date
[20:24:14.704] To use pnpm@9.x, manually opt in using corepack (https://vercel.com/docs/deployments/configure-a-build#corepack)
[20:24:14.746] Installing dependencies...
[20:24:15.265] Progress: resolved 1, reused 0, downloaded 0, added 0
[20:24:16.266] Progress: resolved 123, reused 87, downloaded 3, added 0
[20:24:17.279] Progress: resolved 283, reused 262, downloaded 13, added 0
[20:24:17.699] â€‰WARNâ€‰ 5 deprecated subdependencies found: fstream@1.0.12, glob@7.2.3, inflight@1.0.6, lodash.isequal@4.5.0, rimraf@2.7.1
[20:24:17.707] Packages: +354
[20:24:17.708] ++++++++++++++++++++++++++++++++++++++++++++++++++++++++++++++++++++++++++++++++
[20:24:18.279] Progress: resolved 373, reused 341, downloaded 13, added 305
[20:24:18.588] Progress: resolved 373, reused 341, downloaded 13, added 354, done
[20:24:19.050]
[20:24:19.050] dependencies:
[20:24:19.050] + @supabase/supabase-js 2.57.0
[20:24:19.050] + @types/express 4.17.21 (5.0.3 is available)
[20:24:19.051] + @vercel/node 5.3.17
[20:24:19.051] + bcrypt 6.0.0
[20:24:19.051] + drizzle-orm 0.39.3 (0.44.5 is available)
[20:24:19.051] + drizzle-zod 0.7.1 (0.8.3 is available)
[20:24:19.051] + exceljs 4.4.0
[20:24:19.052] + express 4.21.2 (5.1.0 is available)
[20:24:19.052] + jsonwebtoken 9.0.2
[20:24:19.052] + jspdf 3.0.2
[20:24:19.052] + nanoid 5.1.5
[20:24:19.052] + ws 8.18.3
[20:24:19.053] + zod 3.25.76 (4.1.5 is available)
[20:24:19.053]
[20:24:19.053] â•­ Warning â”€â”€â”€â”€â”€â”€â”€â”€â”€â”€â”€â”€â”€â”€â”€â”€â”€â”€â”€â”€â”€â”€â”€â”€â”€â”€â”€â”€â”€â”€â”€â”€â”€â”€â”€â”€â”€â”€â”€â”€â”€â”€â”€â”€â”€â”€â”€â”€â”€â”€â”€â”€â”€â”€â”€â”€â”€â”€â”€â”€â”€â”€â”€â”€â”€â”€â”€â”€â”€â•®
[20:24:19.053] â”‚                                                                              â”‚
[20:24:19.053] â”‚   Ignored build scripts: bcrypt, core-js, esbuild.                           â”‚
[20:24:19.053] â”‚   Run "pnpm approve-builds" to pick which dependencies should be allowed     â”‚
[20:24:19.054] â”‚   to run scripts.                                                            â”‚
[20:24:19.054] â”‚                                                                              â”‚
[20:24:19.054] â•°â”€â”€â”€â”€â”€â”€â”€â”€â”€â”€â”€â”€â”€â”€â”€â”€â”€â”€â”€â”€â”€â”€â”€â”€â”€â”€â”€â”€â”€â”€â”€â”€â”€â”€â”€â”€â”€â”€â”€â”€â”€â”€â”€â”€â”€â”€â”€â”€â”€â”€â”€â”€â”€â”€â”€â”€â”€â”€â”€â”€â”€â”€â”€â”€â”€â”€â”€â”€â”€â”€â”€â”€â”€â”€â”€â”€â”€â”€â•¯
[20:24:19.054]
[20:24:19.058] Done in 4.2s using pnpm v10.14.0
[20:24:19.693] Using TypeScript 5.6.3 (local user-provided)
[20:26:14.194] api/index.ts(742,35): error TS7006: Parameter 'project' implicitly has an 'any' type.
[20:26:14.194] api/index.ts(755,51): error TS7006: Parameter 'sum' implicitly has an 'any' type.
[20:26:14.195] api/index.ts(755,56): error TS7006: Parameter 't' implicitly has an 'any' type.
[20:26:14.195] api/index.ts(763,49): error TS7006: Parameter 'sum' implicitly has an 'any' type.
[20:26:14.195] api/index.ts(763,54): error TS7006: Parameter 'e' implicitly has an 'any' type.
[20:26:14.195] api/index.ts(1480,38): error TS7006: Parameter 's' implicitly has an 'any' type.
[20:26:14.195] api/index.ts(1542,44): error TS7006: Parameter 'sum' implicitly has an 'any' type.
[20:26:14.196] api/index.ts(1542,49): error TS7006: Parameter 'a' implicitly has an 'any' type.
[20:26:14.196] api/index.ts(1543,43): error TS7006: Parameter 'sum' implicitly has an 'any' type.
[20:26:14.196] api/index.ts(1543,48): error TS7006: Parameter 'a' implicitly has an 'any' type.
[20:26:14.196] api/index.ts(1544,47): error TS7006: Parameter 'sum' implicitly has an 'any' type.
[20:26:14.196] api/index.ts(1544,52): error TS7006: Parameter 'p' implicitly has an 'any' type.
[20:26:14.196] api/index.ts(2220,52): error TS7006: Parameter 'sum' implicitly has an 'any' type.
[20:26:14.197] api/index.ts(2220,57): error TS7006: Parameter 'a' implicitly has an 'any' type.
[20:26:14.197] api/index.ts(2221,55): error TS7006: Parameter 'sum' implicitly has an 'any' type.
[20:26:14.197] api/index.ts(2221,60): error TS7006: Parameter 'p' implicitly has an 'any' type.
[20:26:14.197] api/index.ts(2222,65): error TS7006: Parameter 'sum' implicitly has an 'any' type.
[20:26:14.197] api/index.ts(2222,70): error TS7006: Parameter 't' implicitly has an 'any' type.
[20:26:14.197] api/index.ts(2279,55): error TS7006: Parameter 'sum' implicitly has an 'any' type.
[20:26:14.198] api/index.ts(2279,60): error TS7006: Parameter 'a' implicitly has an 'any' type.
[20:26:14.198] api/index.ts(2280,54): error TS7006: Parameter 'sum' implicitly has an 'any' type.
[20:26:14.198] api/index.ts(2280,59): error TS7006: Parameter 'a' implicitly has an 'any' type.
[20:26:14.198] api/index.ts(2281,58): error TS7006: Parameter 'sum' implicitly has an 'any' type.
[20:26:14.198] api/index.ts(2281,63): error TS7006: Parameter 'p' implicitly has an 'any' type.
[20:26:14.198] api/index.ts(2282,58): error TS7006: Parameter 'sum' implicitly has an 'any' type.
[20:26:14.199] api/index.ts(2282,63): error TS7006: Parameter 't' implicitly has an 'any' type.
[20:26:14.199] api/index.ts(2373,56): error TS7006: Parameter 'sum' implicitly has an 'any' type.
[20:26:14.199] api/index.ts(2373,61): error TS7006: Parameter 'a' implicitly has an 'any' type.
[20:26:14.199] api/index.ts(2374,54): error TS7006: Parameter 'sum' implicitly has an 'any' type.
[20:26:14.199] api/index.ts(2374,59): error TS7006: Parameter 'a' implicitly has an 'any' type.
[20:26:14.199] api/index.ts(2375,58): error TS7006: Parameter 'sum' implicitly has an 'any' type.
[20:26:14.200] api/index.ts(2375,63): error TS7006: Parameter 't' implicitly has an 'any' type.
[20:26:14.200] api/index.ts(3599,44): error TS7006: Parameter 'sum' implicitly has an 'any' type.
[20:26:14.200] api/index.ts(3599,49): error TS7006: Parameter 'a' implicitly has an 'any' type.
[20:26:14.200] api/index.ts(3600,47): error TS7006: Parameter 'sum' implicitly has an 'any' type.
[20:26:14.204] api/index.ts(3600,52): error TS7006: Parameter 'p' implicitly has an 'any' type.
[20:26:14.204] api/index.ts(3601,57): error TS7006: Parameter 'sum' implicitly has an 'any' type.
[20:26:14.204] api/index.ts(3601,62): error TS7006: Parameter 't' implicitly has an 'any' type.
[20:26:14.205] api/index.ts(3690,47): error TS7006: Parameter 'sum' implicitly has an 'any' type.
[20:26:14.205] api/index.ts(3690,52): error TS7006: Parameter 'p' implicitly has an 'any' type.
[20:26:14.212] api/index.ts(3691,45): error TS7006: Parameter 'sum' implicitly has an 'any' type.
[20:26:14.212] api/index.ts(3691,50): error TS7006: Parameter 'p' implicitly has an 'any' type.
[20:26:14.212] api/index.ts(5476,47): error TS7006: Parameter 'sum' implicitly has an 'any' type.
[20:26:14.213] api/index.ts(5476,52): error TS7006: Parameter 'record' implicitly has an 'any' type.
[20:26:14.213] api/index.ts(5480,43): error TS7006: Parameter 'sum' implicitly has an 'any' type.
[20:26:14.213] api/index.ts(5480,48): error TS7006: Parameter 'record' implicitly has an 'any' type.
[20:26:14.213] api/index.ts(5484,43): error TS7006: Parameter 'sum' implicitly has an 'any' type.
[20:26:14.213] api/index.ts(5484,48): error TS7006: Parameter 'record' implicitly has an 'any' type.
[20:26:14.213] api/index.ts(5534,47): error TS7006: Parameter 'sum' implicitly has an 'any' type.
[20:26:14.214] api/index.ts(5534,52): error TS7006: Parameter 't' implicitly has an 'any' type.
[20:26:14.215] api/index.ts(5546,47): error TS7006: Parameter 'sum' implicitly has an 'any' type.
[20:26:14.215] api/index.ts(5546,52): error TS7006: Parameter 'p' implicitly has an 'any' type.
[20:26:14.216] api/index.ts(5558,44): error TS7006: Parameter 'sum' implicitly has an 'any' type.
[20:26:14.216] api/index.ts(5558,49): error TS7006: Parameter 'a' implicitly has an 'any' type.
[20:26:14.216] api/index.ts(5559,48): error TS7006: Parameter 'sum' implicitly has an 'any' type.
[20:26:14.216] api/index.ts(5559,53): error TS7006: Parameter 'a' implicitly has an 'any' type.
[20:26:14.216]
[20:26:19.862] Build Completed in /vercel/output [3m]
[20:26:20.155] Deploying outputs...
[20:26:28.207] Deployment completed
[20:26:29.169] Creating build cache...

